<?xml version="1.0" encoding="UTF-8"?>
<testsuite name="Cucumber" time="20.322" tests="1" skipped="0" failures="1" errors="0">
<testcase classname="Urun Arama ve Sepete Ekleme" name="Urun Arama ve Sepete Ekleme" time="20.198">
<failure type="org.openqa.selenium.NoSuchElementException" message="Unable to locate element: //input[@placeholder='Aramak istediğiniz ürünü yazınız']
For documentation on this error, please visit: https://www.selenium.dev/documentation/webdriver/troubleshooting/errors#no-such-element-exception
Build info: version: '4.10.0', revision: 'c14d967899'
System info: os.name: 'Windows 10', os.arch: 'amd64', os.version: '10.0', java.version: '11.0.13'
Driver info: org.openqa.selenium.firefox.FirefoxDriver
Command: [5d470078-3f1a-4c82-840c-468ab7741396, findElement {using=xpath, value=//input[@placeholder='Aramak istediğiniz ürünü yazınız']}]
Capabilities {acceptInsecureCerts: true, browserName: firefox, browserVersion: 124.0.1, moz:accessibilityChecks: false, moz:buildID: 20240321230221, moz:debuggerAddress: 127.0.0.1:46063, moz:geckodriverVersion: 0.34.0, moz:headless: false, moz:platformVersion: 10.0, moz:processID: 27520, moz:profile: C:\Users\SULE\AppData\Local..., moz:shutdownTimeout: 60000, moz:webdriverClick: true, moz:windowless: false, pageLoadStrategy: normal, platformName: windows, proxy: Proxy(), se:cdp: ws://127.0.0.1:46063/devtoo..., se:cdpVersion: 85.0, setWindowRect: true, strictFileInteractability: false, timeouts: {implicit: 0, pageLoad: 300000, script: 30000}, unhandledPromptBehavior: dismiss and notify}
Session ID: 5d470078-3f1a-4c82-840c-468ab7741396">
<![CDATA[org.openqa.selenium.NoSuchElementException: Unable to locate element: //input[@placeholder='Aramak istediğiniz ürünü yazınız']
For documentation on this error, please visit: https://www.selenium.dev/documentation/webdriver/troubleshooting/errors#no-such-element-exception
Build info: version: '4.10.0', revision: 'c14d967899'
System info: os.name: 'Windows 10', os.arch: 'amd64', os.version: '10.0', java.version: '11.0.13'
Driver info: org.openqa.selenium.firefox.FirefoxDriver
Command: [5d470078-3f1a-4c82-840c-468ab7741396, findElement {using=xpath, value=//input[@placeholder='Aramak istediğiniz ürünü yazınız']}]
Capabilities {acceptInsecureCerts: true, browserName: firefox, browserVersion: 124.0.1, moz:accessibilityChecks: false, moz:buildID: 20240321230221, moz:debuggerAddress: 127.0.0.1:46063, moz:geckodriverVersion: 0.34.0, moz:headless: false, moz:platformVersion: 10.0, moz:processID: 27520, moz:profile: C:\Users\SULE\AppData\Local..., moz:shutdownTimeout: 60000, moz:webdriverClick: true, moz:windowless: false, pageLoadStrategy: normal, platformName: windows, proxy: Proxy(), se:cdp: ws://127.0.0.1:46063/devtoo..., se:cdpVersion: 85.0, setWindowRect: true, strictFileInteractability: false, timeouts: {implicit: 0, pageLoad: 300000, script: 30000}, unhandledPromptBehavior: dismiss and notify}
Session ID: 5d470078-3f1a-4c82-840c-468ab7741396
	at java.base/jdk.internal.reflect.NativeConstructorAccessorImpl.newInstance0(Native Method)
	at java.base/jdk.internal.reflect.NativeConstructorAccessorImpl.newInstance(NativeConstructorAccessorImpl.java:62)
	at java.base/jdk.internal.reflect.DelegatingConstructorAccessorImpl.newInstance(DelegatingConstructorAccessorImpl.java:45)
	at java.base/java.lang.reflect.Constructor.newInstance(Constructor.java:490)
	at org.openqa.selenium.remote.codec.w3c.W3CHttpResponseCodec.createException(W3CHttpResponseCodec.java:199)
	at org.openqa.selenium.remote.codec.w3c.W3CHttpResponseCodec.decode(W3CHttpResponseCodec.java:132)
	at org.openqa.selenium.remote.codec.w3c.W3CHttpResponseCodec.decode(W3CHttpResponseCodec.java:51)
	at org.openqa.selenium.remote.HttpCommandExecutor.execute(HttpCommandExecutor.java:191)
	at org.openqa.selenium.remote.service.DriverCommandExecutor.invokeExecute(DriverCommandExecutor.java:196)
	at org.openqa.selenium.remote.service.DriverCommandExecutor.execute(DriverCommandExecutor.java:171)
	at org.openqa.selenium.remote.RemoteWebDriver.execute(RemoteWebDriver.java:531)
	at org.openqa.selenium.remote.ElementLocation$ElementFinder$2.findElement(ElementLocation.java:165)
	at org.openqa.selenium.remote.ElementLocation.findElement(ElementLocation.java:59)
	at org.openqa.selenium.remote.RemoteWebDriver.findElement(RemoteWebDriver.java:350)
	at org.openqa.selenium.remote.RemoteWebDriver.findElement(RemoteWebDriver.java:344)
	at org.openqa.selenium.support.pagefactory.DefaultElementLocator.findElement(DefaultElementLocator.java:68)
	at org.openqa.selenium.support.pagefactory.internal.LocatingElementHandler.invoke(LocatingElementHandler.java:38)
	at com.sun.proxy.$Proxy24.sendKeys(Unknown Source)
	at stepdefinitions.uiStepDef.IdeaSoftStepdef.aramaKisminaYazarakAramaYapar(IdeaSoftStepdef.java:32)
	at ✽.Arama kismina "urun" yazarak arama yapar(file:///C:/Users/Şule%20YALÇIN/IdeaProjects/com.myideasoft/src/test/resources/features/uiFeatures/ideaSoft.feature:11)
]]>
</failure>
<system-out><![CDATA[
Given Kullanici ideaSoft sitesini ziyaret eder..............................passed
When Arama kismina "urun" yazarak arama yapar...............................failed
When Acilan sayfada "urun" adli bir urune tiklar ve sepete ekler............skipped
Then "Sepetinize Eklenmistir" yazisi gozlemlenir............................skipped
And Ilgili urunden 5 adet olacak sekilde sepete eklenir.....................skipped
And Sepet iceriginde urunden 5 adet oldugu kontrol edilir...................skipped
]]></system-out>
</testcase>
</testsuite>
